<?xml version="1.0" encoding="UTF-8"?>
<!-- Generated by org.testng.reporters.JUnitXMLReporter -->
<testsuite ignored="0" hostname="aham" failures="0" tests="4" name="LoginTests" time="0.053" errors="0" timestamp="2024-04-15T00:22:37 IST">
  <testcase classname="Login.loginAsAdminInFreeSSOTest" name="loginAsAdminInFreeSSO" time="0.008"/>
  <testcase classname="Login.loginAsAdminInPaidSSOTest" name="loginAsAdminInPaidSSO" time="0.011"/>
  <testcase classname="Login.loginAsAdminInFreeNonSSOTest" name="loginAsAdminInFreeNonSSO" time="0.011"/>
  <testcase classname="Login.loginAsAdminInPaidNonSSOTest" name="loginAsAdminInPaidNonSSO" time="0.01"/>
</testsuite> <!-- LoginTests -->
