<?xml version="1.0" encoding="UTF-8"?>
<!-- Generated by org.testng.reporters.JUnitXMLReporter -->
<testsuite ignored="9" hostname="aham" failures="0" tests="8" name="RegistrationAndLoginTests" time="0.46" errors="0" timestamp="2024-04-15T00:27:08 IST">
  <testcase classname="Regestration.FreeSSORegistrationTest" name="freeSSOReg" time="0.006"/>
  <testcase classname="Regestration.PaidSSORegistrationTest" name="paidSSOReg" time="0.003"/>
  <testcase classname="Regestration.PaidNonSSORegistrationTest" name="paidNonSSOReg" time="0.004"/>
  <testcase classname="Regestration.FreeNonSSORegistrationTest" name="freeNonSSOReg" time="0.003"/>
  <testcase classname="Login.loginAsAdminInFreeSSOTest" name="loginAsAdminInFreeSSO" time="0.011"/>
  <testcase classname="Login.loginAsAdminInPaidSSOTest" name="loginAsAdminInPaidSSO" time="0.007"/>
  <testcase classname="Login.loginAsAdminInFreeNonSSOTest" name="loginAsAdminInFreeNonSSO" time="0.011"/>
  <testcase classname="Login.loginAsAdminInPaidNonSSOTest" name="loginAsAdminInPaidNonSSO" time="0.015"/>
  <testcase classname="GenericUtility.BaseClass" name="@BeforeSuite BS_Config" time="0.0">
    <ignored/>
  </testcase> <!-- @BeforeSuite BS_Config -->
  <testcase classname="GenericUtility.BaseClass" name="@BeforeTest BC_Config" time="0.0">
    <ignored/>
  </testcase> <!-- @BeforeTest BC_Config -->
  <testcase classname="GenericUtility.BaseClass" name="@AfterTest AF_Config" time="0.0">
    <ignored/>
  </testcase> <!-- @AfterTest AF_Config -->
  <testcase classname="GenericUtility.BaseClass" name="@BeforeTest BC_Config" time="0.0">
    <ignored/>
  </testcase> <!-- @BeforeTest BC_Config -->
  <testcase classname="GenericUtility.BaseClass" name="@BeforeTest BC_Config" time="0.0">
    <ignored/>
  </testcase> <!-- @BeforeTest BC_Config -->
  <testcase classname="GenericUtility.BaseClass" name="@AfterTest AF_Config" time="0.0">
    <ignored/>
  </testcase> <!-- @AfterTest AF_Config -->
  <testcase classname="GenericUtility.BaseClass" name="@BeforeSuite BS_Config" time="0.0">
    <ignored/>
  </testcase> <!-- @BeforeSuite BS_Config -->
  <testcase classname="GenericUtility.BaseClass" name="@AfterTest AF_Config" time="0.0">
    <ignored/>
  </testcase> <!-- @AfterTest AF_Config -->
  <testcase classname="GenericUtility.BaseClass" name="@BeforeSuite BS_Config" time="0.0">
    <ignored/>
  </testcase> <!-- @BeforeSuite BS_Config -->
</testsuite> <!-- RegistrationAndLoginTests -->
