<?xml version="1.0" encoding="UTF-8"?>
<!-- Generated by org.testng.reporters.JUnitXMLReporter -->
<testsuite ignored="9" hostname="aham" failures="0" tests="12" name="Test" time="2.24" errors="0" timestamp="2024-04-20T23:09:25 IST">
  <testcase classname="Regestration.FreeNonSSORegistrationTest" name="freeNonSSOReg" time="0.086"/>
  <testcase classname="Regestration.FreeSSORegistrationTest" name="freeSSOReg" time="0.005"/>
  <testcase classname="Regestration.PaidNonSSORegistrationTest" name="paidNonSSOReg" time="0.007"/>
  <testcase classname="Regestration.PaidSSORegistrationTest" name="paidSSOReg" time="0.013"/>
  <testcase classname="LoginAsAdmin.loginAsAdminInPaidSSOTest" name="loginAsAdminInPaidSSO" time="0.03"/>
  <testcase classname="LoginAsAdmin.loginAsAdminInFreeSSOTest" name="loginAsAdminInFreeSSO" time="0.014"/>
  <testcase classname="LoginAsAdmin.loginAsAdminInPaidNonSSOTest" name="loginAsAdminInPaidNonSSO" time="0.041"/>
  <testcase classname="LoginAsAdmin.loginAsAdminInFreeNonSSOTest" name="loginAsAdminInFreeNonSSO" time="0.017"/>
  <testcase classname="UserManagement.AddSiteAdminInPaidNonSSO" name="addSiteAdminPaidNonSSO" time="0.055"/>
  <testcase classname="UserManagement.AddSiteAdminInPaidSSO" name="addSiteAdminPaidSSO" time="0.009"/>
  <testcase classname="LoginAsSiteAdmin.loginAsTenantInPaidSSOTest" name="loginAsTenantInPaidSSO" time="0.042"/>
  <testcase classname="LoginAsSiteAdmin.loginAsTenantInPaidNonSSOTest" name="loginAsTenantInPaidNonSSO" time="0.005"/>
  <testcase classname="GenericUtility.BaseClass" name="@BeforeTest BC_Config" time="0.0">
    <ignored/>
  </testcase> <!-- @BeforeTest BC_Config -->
  <testcase classname="GenericUtility.BaseClass" name="@AfterTest AF_Config" time="0.0">
    <ignored/>
  </testcase> <!-- @AfterTest AF_Config -->
  <testcase classname="GenericUtility.BaseClass" name="@BeforeSuite BS_Config" time="0.0">
    <ignored/>
  </testcase> <!-- @BeforeSuite BS_Config -->
  <testcase classname="GenericUtility.BaseClass" name="@BeforeSuite BS_Config" time="0.0">
    <ignored/>
  </testcase> <!-- @BeforeSuite BS_Config -->
  <testcase classname="GenericUtility.BaseClass" name="@BeforeTest BC_Config" time="0.0">
    <ignored/>
  </testcase> <!-- @BeforeTest BC_Config -->
  <testcase classname="GenericUtility.BaseClass" name="@AfterTest AF_Config" time="0.0">
    <ignored/>
  </testcase> <!-- @AfterTest AF_Config -->
  <testcase classname="GenericUtility.BaseClass" name="@BeforeTest BC_Config" time="0.0">
    <ignored/>
  </testcase> <!-- @BeforeTest BC_Config -->
  <testcase classname="GenericUtility.BaseClass" name="@AfterTest AF_Config" time="0.0">
    <ignored/>
  </testcase> <!-- @AfterTest AF_Config -->
  <testcase classname="GenericUtility.BaseClass" name="@BeforeSuite BS_Config" time="0.0">
    <ignored/>
  </testcase> <!-- @BeforeSuite BS_Config -->
</testsuite> <!-- Test -->
