<?xml version="1.0" encoding="UTF-8"?>
<testng-results ignored="0" total="1" passed="1" failed="0" skipped="0">
  <reporter-output>
  </reporter-output>
  <suite started-at="2024-06-02T13:38:56 IST" name="Default suite" finished-at="2024-06-02T13:38:56 IST" duration-ms="113">
    <groups>
    </groups>
    <test started-at="2024-06-02T13:38:56 IST" name="Default test" finished-at="2024-06-02T13:38:56 IST" duration-ms="113">
      <class name="Regestration.PaidNonSSORegistrationTest">
        <test-method is-config="true" signature="BS_Config()[pri:0, instance:Regestration.PaidNonSSORegistrationTest@1ca3b418]" started-at="2024-06-02T13:38:56 IST" name="BS_Config" finished-at="2024-06-02T13:38:56 IST" duration-ms="144" status="PASS">
          <reporter-output>
          </reporter-output>
        </test-method> <!-- BS_Config -->
        <test-method is-config="true" signature="BC_Config()[pri:0, instance:Regestration.PaidNonSSORegistrationTest@1ca3b418]" started-at="2024-06-02T13:38:56 IST" name="BC_Config" finished-at="2024-06-02T13:38:56 IST" duration-ms="34" status="PASS">
          <reporter-output>
          </reporter-output>
        </test-method> <!-- BC_Config -->
        <test-method is-config="true" signature="BC_Config()[pri:0, instance:Regestration.PaidNonSSORegistrationTest@1ca3b418]" started-at="2024-06-02T13:38:56 IST" name="BC_Config" finished-at="2024-06-02T13:38:56 IST" duration-ms="3" status="PASS">
          <reporter-output>
          </reporter-output>
        </test-method> <!-- BC_Config -->
        <test-method is-config="true" signature="AF_Config()[pri:0, instance:Regestration.PaidNonSSORegistrationTest@1ca3b418]" started-at="2024-06-02T13:38:56 IST" name="AF_Config" finished-at="2024-06-02T13:38:56 IST" duration-ms="11" status="PASS">
          <reporter-output>
          </reporter-output>
        </test-method> <!-- AF_Config -->
        <test-method signature="paidNonSSOReg()[pri:0, instance:Regestration.PaidNonSSORegistrationTest@1ca3b418]" started-at="2024-06-02T13:38:56 IST" name="paidNonSSOReg" finished-at="2024-06-02T13:38:56 IST" duration-ms="7" status="PASS">
          <reporter-output>
          </reporter-output>
        </test-method> <!-- paidNonSSOReg -->
        <test-method is-config="true" signature="AF_Config()[pri:0, instance:Regestration.PaidNonSSORegistrationTest@1ca3b418]" started-at="2024-06-02T13:38:56 IST" name="AF_Config" finished-at="2024-06-02T13:38:56 IST" duration-ms="8" status="PASS">
          <reporter-output>
          </reporter-output>
        </test-method> <!-- AF_Config -->
        <test-method is-config="true" signature="AF_Config()[pri:0, instance:Regestration.PaidNonSSORegistrationTest@1ca3b418]" started-at="2024-06-02T13:38:56 IST" name="AF_Config" finished-at="2024-06-02T13:38:56 IST" duration-ms="10" status="PASS">
          <reporter-output>
          </reporter-output>
        </test-method> <!-- AF_Config -->
        <test-method is-config="true" signature="AF_Config()[pri:0, instance:Regestration.PaidNonSSORegistrationTest@1ca3b418]" started-at="2024-06-02T13:38:56 IST" name="AF_Config" finished-at="2024-06-02T13:38:56 IST" duration-ms="9" status="PASS">
          <reporter-output>
          </reporter-output>
        </test-method> <!-- AF_Config -->
        <test-method is-config="true" signature="AF_Config()[pri:0, instance:Regestration.PaidNonSSORegistrationTest@1ca3b418]" started-at="2024-06-02T13:38:56 IST" name="AF_Config" finished-at="2024-06-02T13:38:56 IST" duration-ms="11" status="PASS">
          <reporter-output>
          </reporter-output>
        </test-method> <!-- AF_Config -->
      </class> <!-- Regestration.PaidNonSSORegistrationTest -->
    </test> <!-- Default test -->
  </suite> <!-- Default suite -->
</testng-results>
