<?xml version="1.0" encoding="UTF-8"?>
<testng-results ignored="9" total="17" passed="8" failed="0" skipped="0">
  <reporter-output>
  </reporter-output>
  <suite started-at="2024-04-15T00:27:07 IST" name="Suite" finished-at="2024-04-15T00:27:07 IST" duration-ms="460">
    <groups>
    </groups>
    <test started-at="2024-04-15T00:27:07 IST" name="RegistrationAndLoginTests" finished-at="2024-04-15T00:27:07 IST" duration-ms="460">
      <class name="Regestration.PaidSSORegistrationTest">
        <test-method is-config="true" signature="BC_Config()[pri:0, instance:Regestration.PaidSSORegistrationTest@1c5920df]" started-at="2024-04-15T00:27:07 IST" name="BC_Config" finished-at="2024-04-15T00:27:07 IST" duration-ms="5" status="PASS">
          <reporter-output>
          </reporter-output>
        </test-method> <!-- BC_Config -->
        <test-method is-config="true" signature="AF_Config()[pri:0, instance:Regestration.PaidSSORegistrationTest@1c5920df]" started-at="2024-04-15T00:27:07 IST" name="AF_Config" finished-at="2024-04-15T00:27:07 IST" duration-ms="7" status="PASS">
          <reporter-output>
          </reporter-output>
        </test-method> <!-- AF_Config -->
        <test-method signature="paidSSOReg()[pri:0, instance:Regestration.PaidSSORegistrationTest@1c5920df]" started-at="2024-04-15T00:27:07 IST" name="paidSSOReg" finished-at="2024-04-15T00:27:07 IST" duration-ms="3" status="PASS">
          <reporter-output>
          </reporter-output>
        </test-method> <!-- paidSSOReg -->
        <test-method is-config="true" signature="AF_Config()[pri:0, instance:Regestration.PaidSSORegistrationTest@1c5920df]" started-at="2024-04-15T00:27:07 IST" name="AF_Config" finished-at="2024-04-15T00:27:07 IST" duration-ms="7" status="PASS">
          <reporter-output>
          </reporter-output>
        </test-method> <!-- AF_Config -->
        <test-method is-config="true" signature="AF_Config()[pri:0, instance:Regestration.PaidSSORegistrationTest@1c5920df]" started-at="2024-04-15T00:27:07 IST" name="AF_Config" finished-at="2024-04-15T00:27:07 IST" duration-ms="7" status="PASS">
          <reporter-output>
          </reporter-output>
        </test-method> <!-- AF_Config -->
      </class> <!-- Regestration.PaidSSORegistrationTest -->
      <class name="Regestration.FreeSSORegistrationTest">
        <test-method is-config="true" signature="BS_Config()[pri:0, instance:Regestration.FreeSSORegistrationTest@4b013c76]" started-at="2024-04-15T00:27:07 IST" name="BS_Config" finished-at="2024-04-15T00:27:07 IST" duration-ms="152" status="PASS">
          <reporter-output>
          </reporter-output>
        </test-method> <!-- BS_Config -->
        <test-method is-config="true" signature="BC_Config()[pri:0, instance:Regestration.FreeSSORegistrationTest@4b013c76]" started-at="2024-04-15T00:27:07 IST" name="BC_Config" finished-at="2024-04-15T00:27:07 IST" duration-ms="16" status="PASS">
          <reporter-output>
          </reporter-output>
        </test-method> <!-- BC_Config -->
        <test-method is-config="true" signature="BC_Config()[pri:0, instance:Regestration.FreeSSORegistrationTest@4b013c76]" started-at="2024-04-15T00:27:07 IST" name="BC_Config" finished-at="2024-04-15T00:27:07 IST" duration-ms="3" status="PASS">
          <reporter-output>
          </reporter-output>
        </test-method> <!-- BC_Config -->
        <test-method is-config="true" signature="AF_Config()[pri:0, instance:Regestration.FreeSSORegistrationTest@4b013c76]" started-at="2024-04-15T00:27:07 IST" name="AF_Config" finished-at="2024-04-15T00:27:07 IST" duration-ms="8" status="PASS">
          <reporter-output>
          </reporter-output>
        </test-method> <!-- AF_Config -->
        <test-method signature="freeSSOReg()[pri:0, instance:Regestration.FreeSSORegistrationTest@4b013c76]" started-at="2024-04-15T00:27:07 IST" name="freeSSOReg" finished-at="2024-04-15T00:27:07 IST" duration-ms="6" status="PASS">
          <reporter-output>
          </reporter-output>
        </test-method> <!-- freeSSOReg -->
        <test-method is-config="true" signature="AF_Config()[pri:0, instance:Regestration.FreeSSORegistrationTest@4b013c76]" started-at="2024-04-15T00:27:07 IST" name="AF_Config" finished-at="2024-04-15T00:27:07 IST" duration-ms="8" status="PASS">
          <reporter-output>
          </reporter-output>
        </test-method> <!-- AF_Config -->
        <test-method is-config="true" signature="AF_Config()[pri:0, instance:Regestration.FreeSSORegistrationTest@4b013c76]" started-at="2024-04-15T00:27:07 IST" name="AF_Config" finished-at="2024-04-15T00:27:07 IST" duration-ms="7" status="PASS">
          <reporter-output>
          </reporter-output>
        </test-method> <!-- AF_Config -->
        <test-method is-config="true" signature="AF_Config()[pri:0, instance:Regestration.FreeSSORegistrationTest@4b013c76]" started-at="2024-04-15T00:27:07 IST" name="AF_Config" finished-at="2024-04-15T00:27:07 IST" duration-ms="11" status="PASS">
          <reporter-output>
          </reporter-output>
        </test-method> <!-- AF_Config -->
        <test-method is-config="true" signature="AF_Config()[pri:0, instance:Regestration.FreeSSORegistrationTest@4b013c76]" started-at="2024-04-15T00:27:08 IST" name="AF_Config" finished-at="2024-04-15T00:27:08 IST" duration-ms="6" status="PASS">
          <reporter-output>
          </reporter-output>
        </test-method> <!-- AF_Config -->
      </class> <!-- Regestration.FreeSSORegistrationTest -->
      <class name="Login.loginAsAdminInPaidNonSSOTest">
        <test-method signature="loginAsAdminInPaidNonSSO()[pri:0, instance:Login.loginAsAdminInPaidNonSSOTest@4a83a74a]" started-at="2024-04-15T00:27:07 IST" name="loginAsAdminInPaidNonSSO" finished-at="2024-04-15T00:27:07 IST" duration-ms="15" status="PASS">
          <reporter-output>
          </reporter-output>
        </test-method> <!-- loginAsAdminInPaidNonSSO -->
      </class> <!-- Login.loginAsAdminInPaidNonSSOTest -->
      <class name="Regestration.PaidNonSSORegistrationTest">
        <test-method is-config="true" signature="BC_Config()[pri:0, instance:Regestration.PaidNonSSORegistrationTest@17f9d882]" started-at="2024-04-15T00:27:07 IST" name="BC_Config" finished-at="2024-04-15T00:27:07 IST" duration-ms="4" status="PASS">
          <reporter-output>
          </reporter-output>
        </test-method> <!-- BC_Config -->
        <test-method is-config="true" signature="AF_Config()[pri:0, instance:Regestration.PaidNonSSORegistrationTest@17f9d882]" started-at="2024-04-15T00:27:07 IST" name="AF_Config" finished-at="2024-04-15T00:27:07 IST" duration-ms="6" status="PASS">
          <reporter-output>
          </reporter-output>
        </test-method> <!-- AF_Config -->
        <test-method signature="paidNonSSOReg()[pri:0, instance:Regestration.PaidNonSSORegistrationTest@17f9d882]" started-at="2024-04-15T00:27:07 IST" name="paidNonSSOReg" finished-at="2024-04-15T00:27:07 IST" duration-ms="4" status="PASS">
          <reporter-output>
          </reporter-output>
        </test-method> <!-- paidNonSSOReg -->
        <test-method is-config="true" signature="AF_Config()[pri:0, instance:Regestration.PaidNonSSORegistrationTest@17f9d882]" started-at="2024-04-15T00:27:07 IST" name="AF_Config" finished-at="2024-04-15T00:27:07 IST" duration-ms="10" status="PASS">
          <reporter-output>
          </reporter-output>
        </test-method> <!-- AF_Config -->
        <test-method is-config="true" signature="AF_Config()[pri:0, instance:Regestration.PaidNonSSORegistrationTest@17f9d882]" started-at="2024-04-15T00:27:07 IST" name="AF_Config" finished-at="2024-04-15T00:27:07 IST" duration-ms="7" status="PASS">
          <reporter-output>
          </reporter-output>
        </test-method> <!-- AF_Config -->
      </class> <!-- Regestration.PaidNonSSORegistrationTest -->
      <class name="Login.loginAsAdminInFreeNonSSOTest">
        <test-method signature="loginAsAdminInFreeNonSSO()[pri:0, instance:Login.loginAsAdminInFreeNonSSOTest@15043a2f]" started-at="2024-04-15T00:27:07 IST" name="loginAsAdminInFreeNonSSO" finished-at="2024-04-15T00:27:07 IST" duration-ms="11" status="PASS">
          <reporter-output>
          </reporter-output>
        </test-method> <!-- loginAsAdminInFreeNonSSO -->
      </class> <!-- Login.loginAsAdminInFreeNonSSOTest -->
      <class name="Login.loginAsAdminInFreeSSOTest">
        <test-method signature="loginAsAdminInFreeSSO()[pri:0, instance:Login.loginAsAdminInFreeSSOTest@196a42c3]" started-at="2024-04-15T00:27:07 IST" name="loginAsAdminInFreeSSO" finished-at="2024-04-15T00:27:07 IST" duration-ms="11" status="PASS">
          <reporter-output>
          </reporter-output>
        </test-method> <!-- loginAsAdminInFreeSSO -->
      </class> <!-- Login.loginAsAdminInFreeSSOTest -->
      <class name="Regestration.FreeNonSSORegistrationTest">
        <test-method is-config="true" signature="BC_Config()[pri:0, instance:Regestration.FreeNonSSORegistrationTest@79e4c792]" started-at="2024-04-15T00:27:07 IST" name="BC_Config" finished-at="2024-04-15T00:27:07 IST" duration-ms="5" status="PASS">
          <reporter-output>
          </reporter-output>
        </test-method> <!-- BC_Config -->
        <test-method is-config="true" signature="AF_Config()[pri:0, instance:Regestration.FreeNonSSORegistrationTest@79e4c792]" started-at="2024-04-15T00:27:07 IST" name="AF_Config" finished-at="2024-04-15T00:27:07 IST" duration-ms="6" status="PASS">
          <reporter-output>
          </reporter-output>
        </test-method> <!-- AF_Config -->
        <test-method signature="freeNonSSOReg()[pri:0, instance:Regestration.FreeNonSSORegistrationTest@79e4c792]" started-at="2024-04-15T00:27:07 IST" name="freeNonSSOReg" finished-at="2024-04-15T00:27:07 IST" duration-ms="3" status="PASS">
          <reporter-output>
          </reporter-output>
        </test-method> <!-- freeNonSSOReg -->
        <test-method is-config="true" signature="AF_Config()[pri:0, instance:Regestration.FreeNonSSORegistrationTest@79e4c792]" started-at="2024-04-15T00:27:07 IST" name="AF_Config" finished-at="2024-04-15T00:27:07 IST" duration-ms="10" status="PASS">
          <reporter-output>
          </reporter-output>
        </test-method> <!-- AF_Config -->
        <test-method is-config="true" signature="AF_Config()[pri:0, instance:Regestration.FreeNonSSORegistrationTest@79e4c792]" started-at="2024-04-15T00:27:07 IST" name="AF_Config" finished-at="2024-04-15T00:27:07 IST" duration-ms="12" status="PASS">
          <reporter-output>
          </reporter-output>
        </test-method> <!-- AF_Config -->
      </class> <!-- Regestration.FreeNonSSORegistrationTest -->
      <class name="Login.loginAsAdminInPaidSSOTest">
        <test-method signature="loginAsAdminInPaidSSO()[pri:0, instance:Login.loginAsAdminInPaidSSOTest@4c60d6e9]" started-at="2024-04-15T00:27:07 IST" name="loginAsAdminInPaidSSO" finished-at="2024-04-15T00:27:07 IST" duration-ms="7" status="PASS">
          <reporter-output>
          </reporter-output>
        </test-method> <!-- loginAsAdminInPaidSSO -->
      </class> <!-- Login.loginAsAdminInPaidSSOTest -->
    </test> <!-- RegistrationAndLoginTests -->
  </suite> <!-- Suite -->
</testng-results>
